[22:33:52] [main/INFO] (FabricLoader/GameProvider) Loading Minecraft 1.20.1 with Fabric Loader 0.14.21
[22:33:52] [main/INFO] (FabricLoader) Loading 46 mods:
	- fabric-api 0.83.1+1.20.1
	- fabric-api-base 0.4.29+b04edc7a77
	- fabric-api-lookup-api-v1 1.6.34+4d8536c977
	- fabric-biome-api-v1 13.0.10+b3afc78b77
	- fabric-block-api-v1 1.0.9+e022e5d177
	- fabric-blockrenderlayer-v1 1.1.39+b3afc78b77
	- fabric-client-tags-api-v1 1.0.20+b3afc78b77
	- fabric-command-api-v2 2.2.11+b3afc78b77
	- fabric-content-registries-v0 4.0.7+b3afc78b77
	- fabric-convention-tags-v1 1.5.3+b3afc78b77
	- fabric-crash-report-info-v1 0.2.18+aeb40ebe77
	- fabric-data-generation-api-v1 12.1.11+b3afc78b77
	- fabric-dimensions-v1 2.1.51+b3afc78b77
	- fabric-entity-events-v1 1.5.21+b3afc78b77
	- fabric-events-interaction-v0 0.6.0+b3afc78b77
	- fabric-game-rule-api-v1 1.0.38+b04edc7a77
	- fabric-gametest-api-v1 1.2.10+b3afc78b77
	- fabric-item-api-v1 2.1.26+b3afc78b77
	- fabric-item-group-api-v1 4.0.7+b3afc78b77
	- fabric-key-binding-api-v1 1.0.36+fb8d95da77
	- fabric-lifecycle-events-v1 2.2.20+b3afc78b77
	- fabric-loot-api-v2 1.1.37+b3afc78b77
	- fabric-message-api-v1 5.1.6+b3afc78b77
	- fabric-mining-level-api-v1 2.1.47+b3afc78b77
	- fabric-models-v0 0.3.35+b3afc78b77
	- fabric-networking-api-v1 1.3.8+b3afc78b77
	- fabric-object-builder-api-v1 11.0.6+b3afc78b77
	- fabric-particles-v1 1.0.28+b3afc78b77
	- fabric-recipe-api-v1 1.0.18+b3afc78b77
	- fabric-registry-sync-v0 2.2.6+b3afc78b77
	- fabric-renderer-api-v1 3.0.1+b3afc78b77
	- fabric-renderer-indigo 1.3.1+b3afc78b77
	- fabric-rendering-data-attachment-v1 0.3.33+b3afc78b77
	- fabric-rendering-fluids-v1 3.0.26+b3afc78b77
	- fabric-rendering-v1 3.0.6+b3afc78b77
	- fabric-resource-conditions-api-v1 2.3.5+ea08f9d877
	- fabric-resource-loader-v0 0.11.7+f7923f6d77
	- fabric-screen-api-v1 2.0.6+b3afc78b77
	- fabric-screen-handler-api-v1 1.3.27+b3afc78b77
	- fabric-sound-api-v1 1.0.12+b3afc78b77
	- fabric-transfer-api-v1 3.2.2+b3afc78b77
	- fabric-transitive-access-wideners-v1 4.2.0+b3afc78b77
	- fabricloader 0.14.21
	- java 17
	- minecraft 1.20.1
	- storagedimension 1.0.0
[22:33:53] [main/INFO] (FabricLoader/Mixin) SpongePowered MIXIN Subsystem Version=0.8.5 Source=file:/Users/ash/.mcreator/gradle/caches/modules-2/files-2.1/net.fabricmc/sponge-mixin/0.12.5+mixin.0.8.5/8d31fb97c3e0cd7c8dad3441851c523bcfae6d8e/sponge-mixin-0.12.5+mixin.0.8.5.jar Service=Knot/Fabric Env=CLIENT
[22:33:53] [main/INFO] (FabricLoader/Mixin) Loaded Fabric development mappings for mixin remapper!
[22:33:53] [main/INFO] (FabricLoader/Mixin) Compatibility level set to JAVA_17
[22:33:53] [main/WARN] (SysctlUtil) Failed sysctl call: hw.cpufrequency, Error code: 2
[22:33:55] [Datafixer Bootstrap/INFO] (Minecraft) 188 Datafixer optimizations took 58 milliseconds
[22:33:56] [Render thread/INFO] (Minecraft) Environment: authHost='https://authserver.mojang.com', accountsHost='https://api.mojang.com', sessionHost='https://sessionserver.mojang.com', servicesHost='https://api.minecraftservices.com', name='PROD'
[22:33:56] [Render thread/ERROR] (Minecraft) Failed to verify authentication
com.mojang.authlib.exceptions.InvalidCredentialsException: Status: 401
	at com.mojang.authlib.exceptions.MinecraftClientHttpException.toAuthenticationException(MinecraftClientHttpException.java:56) ~[authlib-4.0.43.jar:?]
	at com.mojang.authlib.yggdrasil.YggdrasilUserApiService.fetchProperties(YggdrasilUserApiService.java:156) ~[authlib-4.0.43.jar:?]
	at com.mojang.authlib.yggdrasil.YggdrasilUserApiService.<init>(YggdrasilUserApiService.java:55) ~[authlib-4.0.43.jar:?]
	at com.mojang.authlib.yggdrasil.YggdrasilAuthenticationService.createUserApiService(YggdrasilAuthenticationService.java:124) ~[authlib-4.0.43.jar:?]
	at net.minecraft.client.Minecraft.createUserApiService(Minecraft.java:733) ~[minecraft-merged-e3791c0125-1.20.1-loom.mappings.1_20_1.layered+hash.2198-v2.jar:?]
	at net.minecraft.client.Minecraft.<init>(Minecraft.java:442) ~[minecraft-merged-e3791c0125-1.20.1-loom.mappings.1_20_1.layered+hash.2198-v2.jar:?]
	at net.minecraft.client.main.Main.main(Main.java:211) ~[minecraft-merged-e3791c0125-1.20.1-loom.mappings.1_20_1.layered+hash.2198-v2.jar:?]
	at net.fabricmc.loader.impl.game.minecraft.MinecraftGameProvider.launch(MinecraftGameProvider.java:468) ~[fabric-loader-0.14.21.jar:?]
	at net.fabricmc.loader.impl.launch.knot.Knot.launch(Knot.java:74) ~[fabric-loader-0.14.21.jar:?]
	at net.fabricmc.loader.impl.launch.knot.KnotClient.main(KnotClient.java:23) ~[fabric-loader-0.14.21.jar:?]
	at net.fabricmc.devlaunchinjector.Main.main(Main.java:86) ~[dev-launch-injector-0.2.1+build.8.jar:?]
Caused by: com.mojang.authlib.exceptions.MinecraftClientHttpException: Status: 401
	at com.mojang.authlib.minecraft.client.MinecraftClient.readInputStream(MinecraftClient.java:85) ~[authlib-4.0.43.jar:?]
	at com.mojang.authlib.minecraft.client.MinecraftClient.get(MinecraftClient.java:48) ~[authlib-4.0.43.jar:?]
	at com.mojang.authlib.yggdrasil.YggdrasilUserApiService.fetchProperties(YggdrasilUserApiService.java:129) ~[authlib-4.0.43.jar:?]
	... 9 more
[22:33:56] [Render thread/INFO] (Minecraft) Setting user: Player882
[22:33:56] [Render thread/INFO] (StoragedimensionMod) Initializing StoragedimensionMod
[22:33:56] [Render thread/INFO] (Indigo) [Indigo] Registering Indigo renderer!
[22:33:56] [Render thread/INFO] (Minecraft) Backend library: LWJGL version 3.3.1 SNAPSHOT
[22:33:57] [Render thread/WARN] (SysctlUtil) Failed sysctl call: hw.cpufrequency, Error code: 2
[22:33:57] [Render thread/INFO] (Minecraft) Reloading ResourceManager: vanilla, fabric (fabric-block-api-v1, fabric-key-binding-api-v1, fabric-resource-conditions-api-v1, fabric-item-api-v1, fabric-game-rule-api-v1, fabric-rendering-fluids-v1, fabric-recipe-api-v1, fabric-gametest-api-v1, fabric-api-lookup-api-v1, fabric-renderer-indigo, fabricloader, fabric-content-registries-v0, fabric-object-builder-api-v1, fabric-models-v0, fabric-screen-handler-api-v1, fabric-dimensions-v1, fabric-mining-level-api-v1, fabric-api, fabric-command-api-v2, fabric-data-generation-api-v1, fabric-convention-tags-v1, fabric-renderer-api-v1, fabric-loot-api-v2, fabric-sound-api-v1, fabric-entity-events-v1, fabric-blockrenderlayer-v1, fabric-api-base, storagedimension, fabric-client-tags-api-v1, fabric-particles-v1, fabric-item-group-api-v1, fabric-transitive-access-wideners-v1, fabric-resource-loader-v0, fabric-screen-api-v1, fabric-crash-report-info-v1, fabric-transfer-api-v1, fabric-registry-sync-v0, fabric-lifecycle-events-v1, fabric-networking-api-v1, fabric-message-api-v1, fabric-rendering-v1, fabric-events-interaction-v0, fabric-biome-api-v1, fabric-rendering-data-attachment-v1)
[22:33:57] [Worker-Main-5/INFO] (Minecraft) Found unifont_all_no_pua-15.0.06.hex, loading
[22:33:57] [Realms Notification Availability checker #1/INFO] (Minecraft) Could not authorize you against Realms server: Invalid session id
[22:33:58] [Render thread/WARN] (Minecraft) Missing sound for event: minecraft:item.goat_horn.play
[22:33:58] [Render thread/WARN] (Minecraft) Missing sound for event: minecraft:entity.goat.screaming.horn_break
[22:33:58] [Render thread/INFO] (Minecraft) OpenAL initialized on device CoreAudio Default
[22:33:58] [Render thread/INFO] (Minecraft) Sound engine started
[22:33:58] [Render thread/INFO] (Minecraft) Created: 1024x512x4 minecraft:textures/atlas/blocks.png-atlas
[22:33:58] [Render thread/INFO] (Minecraft) Created: 256x256x4 minecraft:textures/atlas/signs.png-atlas
[22:33:58] [Render thread/INFO] (Minecraft) Created: 512x512x4 minecraft:textures/atlas/shield_patterns.png-atlas
[22:33:58] [Render thread/INFO] (Minecraft) Created: 512x512x4 minecraft:textures/atlas/banner_patterns.png-atlas
[22:33:58] [Render thread/INFO] (Minecraft) Created: 1024x1024x4 minecraft:textures/atlas/armor_trims.png-atlas
[22:33:58] [Render thread/INFO] (Minecraft) Created: 256x256x4 minecraft:textures/atlas/chest.png-atlas
[22:33:58] [Render thread/INFO] (Minecraft) Created: 128x64x4 minecraft:textures/atlas/decorated_pot.png-atlas
[22:33:58] [Render thread/INFO] (Minecraft) Created: 512x256x4 minecraft:textures/atlas/shulker_boxes.png-atlas
[22:33:58] [Render thread/INFO] (Minecraft) Created: 512x256x4 minecraft:textures/atlas/beds.png-atlas
[22:33:58] [Render thread/WARN] (Minecraft) Shader rendertype_entity_translucent_emissive could not find sampler named Sampler2 in the specified shader program.
[22:33:58] [Render thread/INFO] (Minecraft) Created: 256x256x0 minecraft:textures/atlas/particles.png-atlas
[22:33:58] [Render thread/INFO] (Minecraft) Created: 256x256x0 minecraft:textures/atlas/paintings.png-atlas
[22:33:58] [Render thread/INFO] (Minecraft) Created: 128x128x0 minecraft:textures/atlas/mob_effects.png-atlas
[22:35:06] [Render thread/INFO] (Minecraft) Loaded 7 recipes
[22:35:06] [Render thread/INFO] (Minecraft) Loaded 1271 advancements
[22:35:11] [Render thread/INFO] (BiomeModificationImpl) Applied 0 biome modifications to 0 of 65 new biomes in 610.0 μs
[22:35:11] [Server thread/INFO] (Minecraft) Starting integrated minecraft server version 1.20.1
[22:35:11] [Server thread/INFO] (Minecraft) Generating keypair
[22:35:13] [Server thread/INFO] (Minecraft) Preparing start region for dimension minecraft:overworld
[22:35:13] [Render thread/INFO] (Minecraft) Preparing spawn area: 0%
[22:35:13] [Render thread/INFO] (Minecraft) Preparing spawn area: 0%
[22:35:14] [Render thread/INFO] (Minecraft) Preparing spawn area: 1%
[22:35:14] [Render thread/INFO] (Minecraft) Preparing spawn area: 4%
[22:35:15] [Render thread/INFO] (Minecraft) Preparing spawn area: 8%
[22:35:15] [Render thread/INFO] (Minecraft) Preparing spawn area: 13%
[22:35:16] [Render thread/INFO] (Minecraft) Preparing spawn area: 18%
[22:35:16] [Render thread/INFO] (Minecraft) Preparing spawn area: 24%
[22:35:17] [Render thread/INFO] (Minecraft) Preparing spawn area: 31%
[22:35:17] [Render thread/INFO] (Minecraft) Preparing spawn area: 36%
[22:35:18] [Render thread/INFO] (Minecraft) Preparing spawn area: 43%
[22:35:18] [Render thread/INFO] (Minecraft) Preparing spawn area: 44%
[22:35:19] [Render thread/INFO] (Minecraft) Preparing spawn area: 49%
[22:35:19] [Render thread/INFO] (Minecraft) Preparing spawn area: 56%
[22:35:20] [Render thread/INFO] (Minecraft) Preparing spawn area: 64%
[22:35:20] [Render thread/INFO] (Minecraft) Preparing spawn area: 71%
[22:35:21] [Render thread/INFO] (Minecraft) Preparing spawn area: 80%
[22:35:21] [Render thread/INFO] (Minecraft) Preparing spawn area: 87%
[22:35:22] [Render thread/INFO] (Minecraft) Preparing spawn area: 96%
[22:35:22] [Render thread/INFO] (Minecraft) Time elapsed: 9171 ms
[22:35:22] [Server thread/INFO] (Minecraft) Changing view distance to 14, from 10
[22:35:22] [Server thread/INFO] (Minecraft) Changing simulation distance to 12, from 0
[22:35:22] [Server thread/INFO] (Minecraft) Player882[local:E:5f778934] logged in with entity id 335 at (-3.5, 76.0, -0.5)
[22:35:22] [Server thread/INFO] (Minecraft) Player882 joined the game
[22:35:23] [Render thread/INFO] (Minecraft) Loaded 2 advancements
[22:35:54] [Server thread/INFO] (Minecraft) [Player882: Teleported Player882 to -2.723149, 76.000000, 0.239506]
[22:35:54] [Server thread/INFO] (Minecraft) Saving and pausing game...
[22:35:54] [Server thread/INFO] (Minecraft) Saving chunks for level 'ServerLevel[2]'/minecraft:overworld
[22:35:54] [Server thread/INFO] (Minecraft) Saving chunks for level 'ServerLevel[2]'/minecraft:the_end
[22:35:54] [Server thread/INFO] (Minecraft) Saving chunks for level 'ServerLevel[2]'/storagedimension:storage_world
[22:35:54] [Server thread/INFO] (Minecraft) Saving chunks for level 'ServerLevel[2]'/minecraft:the_nether
[22:35:54] [Render thread/INFO] (Minecraft) [System] [CHAT] Teleported Player882 to -2.723149, 76.000000, 0.239506
[22:36:00] [Server thread/INFO] (Minecraft) Saving and pausing game...
[22:36:00] [Server thread/INFO] (Minecraft) Saving chunks for level 'ServerLevel[2]'/minecraft:overworld
[22:36:00] [Server thread/INFO] (Minecraft) Saving chunks for level 'ServerLevel[2]'/minecraft:the_end
[22:36:00] [Server thread/INFO] (Minecraft) Saving chunks for level 'ServerLevel[2]'/storagedimension:storage_world
[22:36:00] [Server thread/INFO] (Minecraft) Saving chunks for level 'ServerLevel[2]'/minecraft:the_nether
[22:36:12] [Server thread/INFO] (Minecraft) Saving and pausing game...
[22:36:12] [Server thread/INFO] (Minecraft) Saving chunks for level 'ServerLevel[2]'/minecraft:overworld
[22:36:12] [Server thread/INFO] (Minecraft) Saving chunks for level 'ServerLevel[2]'/minecraft:the_end
[22:36:12] [Server thread/INFO] (Minecraft) Saving chunks for level 'ServerLevel[2]'/storagedimension:storage_world
[22:36:12] [Server thread/INFO] (Minecraft) Saving chunks for level 'ServerLevel[2]'/minecraft:the_nether
[22:36:13] [Render thread/INFO] (Minecraft) Stopping!
[22:36:13] [Server thread/INFO] (Minecraft) Player882 lost connection: Disconnected
[22:36:13] [Server thread/INFO] (Minecraft) Player882 left the game
[22:36:13] [Server thread/INFO] (Minecraft) Stopping singleplayer server as player logged out
[22:36:13] [Server thread/INFO] (Minecraft) Stopping server
[22:36:13] [Server thread/INFO] (Minecraft) Saving players
[22:36:13] [Server thread/INFO] (Minecraft) Saving worlds
[22:36:14] [Server thread/INFO] (Minecraft) Saving chunks for level 'ServerLevel[2]'/minecraft:overworld
[22:36:14] [Server thread/INFO] (Minecraft) Saving chunks for level 'ServerLevel[2]'/minecraft:the_end
[22:36:14] [Server thread/INFO] (Minecraft) Saving chunks for level 'ServerLevel[2]'/storagedimension:storage_world
[22:36:14] [Server thread/INFO] (Minecraft) Saving chunks for level 'ServerLevel[2]'/minecraft:the_nether
[22:36:14] [Server thread/INFO] (Minecraft) ThreadedAnvilChunkStorage (2): All chunks are saved
[22:36:14] [Server thread/INFO] (Minecraft) ThreadedAnvilChunkStorage (DIM1): All chunks are saved
[22:36:14] [Server thread/INFO] (Minecraft) ThreadedAnvilChunkStorage (storage_world): All chunks are saved
[22:36:14] [Server thread/INFO] (Minecraft) ThreadedAnvilChunkStorage (DIM-1): All chunks are saved
[22:36:14] [Server thread/INFO] (Minecraft) ThreadedAnvilChunkStorage: All dimensions are saved
